Opening files...
Parsing specification from standard input...
Checking specification...
Warning: Terminal "THIS" was declared but never used
Warning: Terminal "SUPER" was declared but never used
Warning: Terminal "COLON" was declared but never used
Warning: Terminal "ENUM" was declared but never used
Warning: Terminal "GOTO" was declared but never used
Warning: Non terminal "RecordDeclList" was declared but never used
Warning: Non terminal "ClassDeclList" was declared but never used
Warning: Non terminal "ClassConstructor" was declared but never used
Warning: Non terminal "SingleStatement" was declared but never used
Warning: Non terminal "ClassMethods" was declared but never used
Building parse tables...
  Computing non-terminal nullability...
  Computing first sets...
  Building state machine...
  Filling in tables...
  Checking for non-reduced productions...
Writing parser...
Closing files...
------- CUP v0.10k Parser Generation Summary -------
  0 errors and 10 warnings
  52 terminals, 69 non-terminals, and 136 productions declared, 
  producing 241 unique parse states.
  10 terminals declared but not used.
  0 non-terminals declared but not used.
  0 productions never reduced.
  0 conflicts detected (0 expected).
  Code written to "MJParser.java", and "sym.java".
---------------------------------------------------- (v0.10k)
